<?xml version="1.0" encoding="UTF-8"?>
<!-- Generated by org.testng.reporters.JUnitXMLReporter -->
<testsuite hostname="Andrews-MBP" ignored="0" name="All Functionalities" tests="8" failures="0" timestamp="2023-01-23T10:58:17 CST" time="46.291" errors="0">
  <testcase name="validateLoginFormCard" time="0.264" classname="scripts.TechGlobalLoginFormTest"/>
  <testcase name="validateValidLogin" time="0.392" classname="scripts.TechGlobalLoginFormTest"/>
  <testcase name="validateValidLoginAndLogout" time="0.566" classname="scripts.TechGlobalLoginFormTest"/>
  <testcase name="validateLoginWithInvalidUsername" time="0.388" classname="scripts.TechGlobalLoginFormTest"/>
  <testcase name="validateLoginWithInvalidPassword" time="0.472" classname="scripts.TechGlobalLoginFormTest"/>
  <testcase name="validateLoginWithInvalidUsernameAndInvalidPassword" time="0.351" classname="scripts.TechGlobalLoginFormTest"/>
  <testcase name="validateForgotPasswordAndResetPasswordPage" time="0.145" classname="scripts.TechGlobalForgotPasswordTest"/>
  <testcase name="validateResetPasswordLink" time="0.283" classname="scripts.TechGlobalForgotPasswordTest"/>
</testsuite> <!-- All Functionalities -->
