<?xml version="1.0" encoding="UTF-8"?>
<!-- Generated by org.testng.reporters.JUnitXMLReporter -->
<testsuite hostname="Andrews-MacBook-Pro.local" ignored="0" name="Command line test" tests="8" failures="0" timestamp="2023-01-21T23:34:11 CST" time="44.838" errors="0">
  <testcase name="validateLoginFormCard" time="0.221" classname="scripts.TechGlobalLoginFormTest"/>
  <testcase name="validateValidLogin" time="0.43" classname="scripts.TechGlobalLoginFormTest"/>
  <testcase name="validateValidLoginAndLogout" time="0.426" classname="scripts.TechGlobalLoginFormTest"/>
  <testcase name="validateForgotPasswordAndResetPasswordPage" time="0.225" classname="scripts.TechGlobalLoginFormTest"/>
  <testcase name="validateResetPasswordLink" time="0.406" classname="scripts.TechGlobalLoginFormTest"/>
  <testcase name="validateLoginWithInvalidUsername" time="0.386" classname="scripts.TechGlobalLoginFormTest"/>
  <testcase name="validateLoginWithInvalidPassword" time="0.424" classname="scripts.TechGlobalLoginFormTest"/>
  <testcase name="validateLoginWithInvalidUsernameAndInvalidPassword" time="0.431" classname="scripts.TechGlobalLoginFormTest"/>
</testsuite> <!-- Command line test -->
