<?xml version="1.0" encoding="UTF-8"?>
<testsuite xmlns:xsi="http://www.w3.org/2001/XMLSchema-instance" xsi:schemaLocation="https://maven.apache.org/surefire/maven-surefire-plugin/xsd/surefire-test-report.xsd" name="TestSuite" time="67.047" tests="8" errors="0" skipped="0" failures="1">
  <properties>
[...]
</properties>
  <testcase name="validateLoginFormCard" classname="scripts.TechGlobalLoginFormTest" time="0.274"/>
  <testcase name="validateValidLogin" classname="scripts.TechGlobalLoginFormTest" time="0.399"/>
  <testcase name="validateValidLoginAndLogout" classname="scripts.TechGlobalLoginFormTest" time="0.329"/>
  <testcase name="validateLoginWithInvalidUsername" classname="scripts.TechGlobalLoginFormTest" time="0.34"/>
  <testcase name="validateLoginWithInvalidPassword" classname="scripts.TechGlobalLoginFormTest" time="0.343"/>
  <testcase name="validateLoginWithInvalidUsernameAndInvalidPassword" classname="scripts.TechGlobalLoginFormTest" time="30.407">
    <failure message="no such element: Unable to locate element: {&quot;method&quot;:&quot;xpath&quot;,&quot;selector&quot;:&quot;//*[text()=&apos;Invalid Password entered!&apos;]&quot;}&#10;  (Session info: chrome=109.0.5414.87)&#10;For documentation on this error, please visit: https://www.seleniumhq.org/exceptions/no_such_element.html&#10;Build info: version: &apos;3.141.59&apos;, revision: &apos;e82be7d358&apos;, time: &apos;2018-11-14T08:17:03&apos;&#10;System info: host: &apos;Andrews-MacBook-Pro.local&apos;, ip: &apos;2601:246:a00:3e70:0:0:0:9a40%en0&apos;, os.name: &apos;Mac OS X&apos;, os.arch: &apos;x86_64&apos;, os.version: &apos;13.1&apos;, java.version: &apos;1.8.0_341&apos;&#10;Driver info: org.openqa.selenium.chrome.ChromeDriver&#10;Capabilities {acceptInsecureCerts: false, browserName: chrome, browserVersion: 109.0.5414.87, chrome: {chromedriverVersion: 109.0.5414.74 (e7c5703604da..., userDataDir: /var/folders/qv/t4vgk6w940q...}, goog:chromeOptions: {debuggerAddress: localhost:50027}, javascriptEnabled: true, networkConnectionEnabled: false, pageLoadStrategy: normal, platform: MAC, platformName: MAC, proxy: Proxy(), setWindowRect: true, strictFileInteractability: false, timeouts: {implicit: 0, pageLoad: 300000, script: 30000}, unhandledPromptBehavior: dismiss and notify, webauthn:extension:credBlob: true, webauthn:extension:largeBlob: true, webauthn:virtualAuthenticators: true}&#10;Session ID: 3e533b4d56da9762feb835e135b835dc&#10;*** Element info: {Using=xpath, value=//*[text()=&apos;Invalid Password entered!&apos;]}" type="org.openqa.selenium.NoSuchElementException">org.openqa.selenium.NoSuchElementException: 
no such element: Unable to locate element: {"method":"xpath","selector":"//*[text()='Invalid Password entered!']"}
  (Session info: chrome=109.0.5414.87)
For documentation on this error, please visit: https://www.seleniumhq.org/exceptions/no_such_element.html
Build info: version: '3.141.59', revision: 'e82be7d358', time: '2018-11-14T08:17:03'
System info: host: 'Andrews-MacBook-Pro.local', ip: '2601:246:a00:3e70:0:0:0:9a40%en0', os.name: 'Mac OS X', os.arch: 'x86_64', os.version: '13.1', java.version: '1.8.0_341'
Driver info: org.openqa.selenium.chrome.ChromeDriver
Capabilities {acceptInsecureCerts: false, browserName: chrome, browserVersion: 109.0.5414.87, chrome: {chromedriverVersion: 109.0.5414.74 (e7c5703604da..., userDataDir: /var/folders/qv/t4vgk6w940q...}, goog:chromeOptions: {debuggerAddress: localhost:50027}, javascriptEnabled: true, networkConnectionEnabled: false, pageLoadStrategy: normal, platform: MAC, platformName: MAC, proxy: Proxy(), setWindowRect: true, strictFileInteractability: false, timeouts: {implicit: 0, pageLoad: 300000, script: 30000}, unhandledPromptBehavior: dismiss and notify, webauthn:extension:credBlob: true, webauthn:extension:largeBlob: true, webauthn:virtualAuthenticators: true}
Session ID: 3e533b4d56da9762feb835e135b835dc
*** Element info: {Using=xpath, value=//*[text()='Invalid Password entered!']}
	at scripts.TechGlobalLoginFormTest.validateLoginWithInvalidUsernameAndInvalidPassword(TechGlobalLoginFormTest.java:79)
</failure>
    <system-err><![CDATA[Starting ChromeDriver 109.0.5414.74 (e7c5703604daa9cc128ccf5a5d3e993513758913-refs/branch-heads/5414@{#1172}) on port 43704
Only local connections are allowed.
Please see https://chromedriver.chromium.org/security-considerations for suggestions on keeping ChromeDriver safe.
ChromeDriver was started successfully.
Jan 22, 2023 9:39:11 PM org.openqa.selenium.remote.ProtocolHandshake createSession
INFO: Detected dialect: W3C
]]></system-err>
  </testcase>
  <testcase name="validateForgotPasswordAndResetPasswordPage" classname="scripts.TechGlobalForgotPasswordTest" time="0.131"/>
  <testcase name="validateResetPasswordLink" classname="scripts.TechGlobalForgotPasswordTest" time="0.253"/>
</testsuite>